<?xml version="1.0" encoding="UTF-8"?>
<!-- Generated by org.testng.reporters.JUnitReportReporter -->
<testsuite skipped="0" hostname="DESKTOP-D4146AH" name="maven.Great1" tests="1" failures="0" timestamp="2022-01-26T01:06:55 IST" time="82.945" errors="0">
  <testcase name="j1" time="82.945" classname="maven.Great1"/>
  <system-out/>
</testsuite> <!-- maven.Great1 -->
