<?xml version="1.0" encoding="UTF-8"?>
<!-- Generated by org.testng.reporters.JUnitReportReporter -->
<testsuite skipped="0" hostname="DESKTOP-D4146AH" name="maven.test1" tests="1" failures="0" timestamp="2022-01-26T13:12:52 IST" time="0.011" errors="0">
  <testcase name="game" time="0.011" classname="maven.test1"/>
  <system-out/>
</testsuite> <!-- maven.test1 -->
